<?xml version="1.0" encoding="UTF-8"?>
<!-- Generated by org.testng.reporters.JUnitXMLReporter -->
<testsuite ignored="0" hostname="DESKTOP-83K4TV4" failures="0" tests="5" name="Default test" time="15.245" errors="0" timestamp="2021-05-24T16:17:38 IST">
  <testcase classname="Activities.Activity3" name="addPets" time="6.815"/>
  <testcase classname="Activities.Activity3" name="getPets" time="1.608"/>
  <testcase classname="Activities.Activity3" name="getPets" time="1.558"/>
  <testcase classname="Activities.Activity3" name="deletePets" time="2.645"/>
  <testcase classname="Activities.Activity3" name="deletePets" time="1.412"/>
</testsuite> <!-- Default test -->
