<?xml version="1.0" encoding="UTF-8"?>
<!-- Generated by org.testng.reporters.JUnitXMLReporter -->
<testsuite ignored="0" hostname="DESKTOP-83K4TV4" failures="0" tests="11" name="Test" time="29.797" errors="0" timestamp="2021-05-24T16:24:50 IST">
  <testcase classname="Activities.Activity1" name="addNewPet" time="7.282"/>
  <testcase classname="Activities.Activity1" name="getPetInfo" time="1.63"/>
  <testcase classname="Activities.Activity1" name="deletePet" time="2.232"/>
  <testcase classname="Activities.Activity2" name="addNewUserFromFile" time="3.107"/>
  <testcase classname="Activities.Activity2" name="getUserInfo" time="1.884"/>
  <testcase classname="Activities.Activity2" name="deleteUser" time="4.298"/>
  <testcase classname="Activities.Activity3" name="addPets" time="2.963"/>
  <testcase classname="Activities.Activity3" name="getPets" time="1.489"/>
  <testcase classname="Activities.Activity3" name="getPets" time="1.523"/>
  <testcase classname="Activities.Activity3" name="deletePets" time="1.566"/>
  <testcase classname="Activities.Activity3" name="deletePets" time="1.657"/>
</testsuite> <!-- Test -->
