<?xml version="1.0" encoding="UTF-8"?>
<testng-results ignored="0" total="11" passed="11" failed="0" skipped="0">
  <reporter-output>
  </reporter-output>
  <suite started-at="2021-05-24T16:24:20 IST" name="Suite" finished-at="2021-05-24T16:24:50 IST" duration-ms="29797">
    <groups>
    </groups>
    <test started-at="2021-05-24T16:24:20 IST" name="Test" finished-at="2021-05-24T16:24:50 IST" duration-ms="29797">
      <class name="Activities.Activity3">
        <test-method is-config="true" signature="setUp()[pri:0, instance:Activities.Activity3@4229bb3f]" started-at="2021-05-24T16:24:40 IST" name="setUp" finished-at="2021-05-24T16:24:40 IST" duration-ms="42" status="PASS">
          <reporter-output>
          </reporter-output>
        </test-method> <!-- setUp -->
        <test-method signature="addPets()[pri:1, instance:Activities.Activity3@4229bb3f]" started-at="2021-05-24T16:24:40 IST" name="addPets" finished-at="2021-05-24T16:24:43 IST" duration-ms="2963" status="PASS">
          <reporter-output>
          </reporter-output>
        </test-method> <!-- addPets -->
        <test-method signature="getPets(int,java.lang.String,java.lang.String)[pri:2, instance:Activities.Activity3@4229bb3f]" started-at="2021-05-24T16:24:43 IST" name="getPets" data-provider="petInfoProvider" finished-at="2021-05-24T16:24:45 IST" duration-ms="1489" status="PASS">
          <params>
            <param index="0">
              <value>
                <![CDATA[77232]]>
              </value>
            </param>
            <param index="1">
              <value>
                <![CDATA[Riley]]>
              </value>
            </param>
            <param index="2">
              <value>
                <![CDATA[alive]]>
              </value>
            </param>
          </params>
          <reporter-output>
          </reporter-output>
        </test-method> <!-- getPets -->
        <test-method signature="getPets(int,java.lang.String,java.lang.String)[pri:2, instance:Activities.Activity3@4229bb3f]" started-at="2021-05-24T16:24:45 IST" name="getPets" data-provider="petInfoProvider" finished-at="2021-05-24T16:24:46 IST" duration-ms="1523" status="PASS">
          <params>
            <param index="0">
              <value>
                <![CDATA[77233]]>
              </value>
            </param>
            <param index="1">
              <value>
                <![CDATA[Hansel]]>
              </value>
            </param>
            <param index="2">
              <value>
                <![CDATA[alive]]>
              </value>
            </param>
          </params>
          <reporter-output>
          </reporter-output>
        </test-method> <!-- getPets -->
        <test-method signature="deletePets(int,java.lang.String,java.lang.String)[pri:3, instance:Activities.Activity3@4229bb3f]" started-at="2021-05-24T16:24:46 IST" name="deletePets" data-provider="petInfoProvider" finished-at="2021-05-24T16:24:48 IST" duration-ms="1566" status="PASS">
          <params>
            <param index="0">
              <value>
                <![CDATA[77232]]>
              </value>
            </param>
            <param index="1">
              <value>
                <![CDATA[Riley]]>
              </value>
            </param>
            <param index="2">
              <value>
                <![CDATA[alive]]>
              </value>
            </param>
          </params>
          <reporter-output>
          </reporter-output>
        </test-method> <!-- deletePets -->
        <test-method signature="deletePets(int,java.lang.String,java.lang.String)[pri:3, instance:Activities.Activity3@4229bb3f]" started-at="2021-05-24T16:24:48 IST" name="deletePets" data-provider="petInfoProvider" finished-at="2021-05-24T16:24:50 IST" duration-ms="1657" status="PASS">
          <params>
            <param index="0">
              <value>
                <![CDATA[77233]]>
              </value>
            </param>
            <param index="1">
              <value>
                <![CDATA[Hansel]]>
              </value>
            </param>
            <param index="2">
              <value>
                <![CDATA[alive]]>
              </value>
            </param>
          </params>
          <reporter-output>
          </reporter-output>
        </test-method> <!-- deletePets -->
      </class> <!-- Activities.Activity3 -->
      <class name="Activities.Activity2">
        <test-method signature="addNewUserFromFile()[pri:1, instance:Activities.Activity2@3c73951]" started-at="2021-05-24T16:24:31 IST" name="addNewUserFromFile" finished-at="2021-05-24T16:24:34 IST" duration-ms="3107" status="PASS">
          <reporter-output>
          </reporter-output>
        </test-method> <!-- addNewUserFromFile -->
        <test-method signature="getUserInfo()[pri:2, instance:Activities.Activity2@3c73951]" started-at="2021-05-24T16:24:34 IST" name="getUserInfo" finished-at="2021-05-24T16:24:36 IST" duration-ms="1884" status="PASS">
          <reporter-output>
          </reporter-output>
        </test-method> <!-- getUserInfo -->
        <test-method signature="deleteUser()[pri:3, instance:Activities.Activity2@3c73951]" started-at="2021-05-24T16:24:36 IST" name="deleteUser" finished-at="2021-05-24T16:24:40 IST" duration-ms="4298" status="PASS">
          <reporter-output>
          </reporter-output>
        </test-method> <!-- deleteUser -->
      </class> <!-- Activities.Activity2 -->
      <class name="Activities.Activity1">
        <test-method signature="addNewPet()[pri:1, instance:Activities.Activity1@50ad3bc1]" started-at="2021-05-24T16:24:20 IST" name="addNewPet" finished-at="2021-05-24T16:24:27 IST" duration-ms="7282" status="PASS">
          <reporter-output>
          </reporter-output>
        </test-method> <!-- addNewPet -->
        <test-method signature="getPetInfo()[pri:2, instance:Activities.Activity1@50ad3bc1]" started-at="2021-05-24T16:24:27 IST" name="getPetInfo" finished-at="2021-05-24T16:24:29 IST" duration-ms="1630" status="PASS">
          <reporter-output>
          </reporter-output>
        </test-method> <!-- getPetInfo -->
        <test-method signature="deletePet()[pri:3, instance:Activities.Activity1@50ad3bc1]" started-at="2021-05-24T16:24:29 IST" name="deletePet" finished-at="2021-05-24T16:24:31 IST" duration-ms="2232" status="PASS">
          <reporter-output>
          </reporter-output>
        </test-method> <!-- deletePet -->
      </class> <!-- Activities.Activity1 -->
    </test> <!-- Test -->
  </suite> <!-- Suite -->
</testng-results>
